Drill Listing
=============
Drill: .02  Tool: 1  Feed: 197  Speed: 550
X 236370  Y 331370
X 246370  Y 331370
X 256370  Y 331370
X 266370  Y 331370
X 319370  Y 331370
X 329370  Y 331370
X 339370  Y 331370
X 349370  Y 331370
X 413370  Y 331370
X 423370  Y 331370
X 433370  Y 331370
X 443370  Y 331370
X 498370  Y 331370
X 508370  Y 331370
X 518370  Y 331370
X 528370  Y 331370
Drill: .035  Tool: 2  Feed: 197  Speed: 550
X 251370  Y 147370
X 242370  Y 229370
X 252370  Y 229370
X 262370  Y 229370
X 262370  Y 259370
X 252370  Y 259370
X 242370  Y 259370
X 227370  Y 302370
X 247370  Y 302370
X 237370  Y 312370
X 324370  Y 364370
X 344370  Y 364370
X 322370  Y 312370
X 312370  Y 302370
X 332370  Y 302370
X 272370  Y 259370
X 344370  Y 259370
X 334370  Y 259370
X 324370  Y 259370
X 272370  Y 229370
X 324370  Y 229370
X 334370  Y 229370
X 344370  Y 229370
X 294370  Y 147370
X 272870  Y 147370
X 334370  Y 147370
X 355870  Y 147370
X 377370  Y 147370
X 354370  Y 229370
X 414370  Y 229370
X 414370  Y 259370
X 354370  Y 259370
X 401370  Y 302370
X 411370  Y 312370
X 383370  Y 364370
X 363370  Y 364370
X 421370  Y 302370
X 444370  Y 259370
X 434370  Y 259370
X 424370  Y 259370
X 424370  Y 229370
X 434370  Y 229370
X 444370  Y 229370
X 422370  Y 147370
X 443870  Y 147370
X 465370  Y 147370
X 509370  Y 147370
X 501370  Y 229370
X 511370  Y 229370
X 511370  Y 259370
X 501370  Y 259370
X 507370  Y 302370
X 487370  Y 302370
X 497370  Y 312370
X 489370  Y 364370
X 509370  Y 364370
X 526370  Y 364370
X 546370  Y 364370
X 531370  Y 259370
X 521370  Y 259370
X 521370  Y 229370
X 531370  Y 229370
X 530870  Y 147370
X 552370  Y 147370
Drill: .03543  Tool: 3  Feed: 197  Speed: 550
X 268370  Y 401881
X 358370  Y 401881
X 378055  Y 401881
X 429370  Y 401881
X 519370  Y 401881
X 539055  Y 401881
Drill: .037  Tool: 4  Feed: 197  Speed: 550
X 237370  Y 202370
X 319870  Y 203620
X 233370  Y 285370
X 319370  Y 288370
X 280370  Y 351870
X 448370  Y 356370
X 410370  Y 284370
X 409870  Y 206120
X 496120  Y 206120
X 511370  Y 267370
X 571370  Y 271370
X 581370  Y 271370
X 581370  Y 281370
X 571370  Y 281370
X 581370  Y 291370
X 571370  Y 291370
X 571370  Y 301370
X 581370  Y 301370
X 571370  Y 344370
X 581370  Y 344370
X 571370  Y 354370
X 581370  Y 354370
X 571370  Y 364370
X 581370  Y 364370
X 571370  Y 374370
X 581370  Y 374370
Drill: .04724  Tool: 5  Feed: 139  Speed: 550
X 243370  Y 61370
X 391007  Y 61370
X 243370  Y 101527
X 391007  Y 101527
X 414370  Y 101527
X 562007  Y 101527
X 562007  Y 61370
X 414370  Y 61370
Drill: .05118  Tool: 6  Feed: 107  Speed: 550
X 224370  Y 363370
X 224370  Y 377149
X 224370  Y 390929
Drill: .06  Tool: 7  Feed: 89  Speed: 550
X 222370  Y 157370
X 222370  Y 177370
X 580370  Y 178370
X 580370  Y 158370
Drill: .08  Tool: 8  Feed: 74  Speed: 550
X 314370  Y 143370
X 314370  Y 163370
X 487370  Y 162370
X 487370  Y 142370
X 585370  Y 132370
X 585370  Y 112370
Drill: .1378  Tool: 9  Feed: 35  Speed: 794
X 221370  Y 52370
X 272370  Y 217370
X 223370  Y 415370
X 354870  Y 217370
X 443870  Y 217370
X 530870  Y 217370
X 584370  Y 52370
X 582370  Y 415370
End of Listing
